2019-03-19 16:22:14,067-?????????-INFO-???????????????
2019-03-19 16:22:14,067-?????????-INFO-?????§Ø??????????
2019-03-19 16:22:19,765-?????????-INFO-???????????FireFox
2019-03-19 16:22:19,781-?????????-INFO-???????:"http:10.18.20.17:8081/ecshop/index.php"
2019-03-19 16:22:49,546-?????????-INFO-???????????????
2019-03-19 16:22:49,546-?????????-INFO-?????§Ø??????????
2019-03-19 16:22:55,322-?????????-INFO-???????????FireFox
2019-03-19 16:22:55,322-?????????-INFO-???????:"http://10.18.20.17:8081/ecshop/index.php"
2019-03-19 16:23:26,631-?????????-INFO-???????????????
2019-03-19 16:23:26,631-?????????-INFO-?????§Ø??????????
2019-03-19 16:23:32,313-?????????-INFO-???????????FireFox
2019-03-19 16:23:32,313-?????????-INFO-???????:http:10.18.20.17:8081/ecshop/index.php
2019-03-19 16:25:35,887-?????????-INFO-???????????????
2019-03-19 16:25:35,887-?????????-INFO-?????§Ø??????????
2019-03-19 16:25:41,397-?????????-INFO-???????????FireFox
2019-03-19 16:25:41,397-?????????-INFO-???????:http:10.18.20.17:8081/ecshop/index.php
2019-03-19 16:25:44,768-?????????-INFO-???????????????
2019-03-19 16:25:44,768-?????????-INFO-???????????????
2019-03-19 16:26:55,483-?????????-INFO-???????????????
2019-03-19 16:26:55,483-?????????-INFO-?????§Ø??????????
2019-03-19 16:27:00,947-?????????-INFO-???????????FireFox
2019-03-19 16:27:00,947-?????????-INFO-???????:http:10.18.20.17:8081/ecshop/index.php
2019-03-19 16:27:04,341-?????????-INFO-???????????????
2019-03-19 16:27:04,341-?????????-INFO-???????????????
2019-03-19 16:30:55,088-?????????-INFO-???????????????
2019-03-19 16:30:55,088-?????????-INFO-?????§Ø??????????
2019-03-19 16:31:00,677-?????????-INFO-???????????FireFox
2019-03-19 16:31:00,677-?????????-INFO-???????:http:10.18.20.17:8081/ecshop/index.php
2019-03-19 16:31:04,075-?????????-INFO-???????????????
2019-03-19 16:31:04,075-?????????-INFO-???????????????
2019-03-19 16:31:30,041-?????????-INFO-???????????????
2019-03-19 16:31:30,041-?????????-INFO-?????§Ø??????????
2019-03-19 16:31:35,661-?????????-INFO-???????????FireFox
2019-03-19 16:31:35,661-?????????-INFO-???????:http:10.18.20.17:8081/ecshop/index.php
2019-03-19 16:32:12,829-?????????-INFO-???????????????
2019-03-19 16:32:12,829-?????????-INFO-?????§Ø??????????
2019-03-19 16:32:18,807-?????????-INFO-???????????FireFox
2019-03-19 16:32:18,807-?????????-INFO-???????:http:10.18.20.17:8081/ecshop/index.php
2019-03-19 16:33:01,498-?????????-INFO-???????????????
2019-03-19 16:33:01,498-?????????-INFO-?????§Ø??????????
2019-03-19 16:33:07,049-?????????-INFO-???????????FireFox
2019-03-19 16:33:07,049-?????????-INFO-???????:http:10.18.20.17:8081/ecshop/index.php
2019-03-19 16:33:10,453-?????????-INFO-???????????????
2019-03-19 16:33:10,453-?????????-INFO-???????????????
2019-03-19 16:33:10,455-?????????-INFO-?????§Ø??????????
2019-03-19 16:33:10,455-?????????-INFO-?????§Ø??????????
2019-03-19 16:33:16,150-?????????-INFO-???????????FireFox
2019-03-19 16:33:16,150-?????????-INFO-???????????FireFox
2019-03-19 16:33:16,150-?????????-INFO-???????:http:10.18.20.17:8081/ecshop/index.php
2019-03-19 16:33:16,150-?????????-INFO-???????:http:10.18.20.17:8081/ecshop/index.php
2019-03-19 16:36:10,810-?????????-INFO-???????????????
2019-03-19 16:36:10,810-?????????-INFO-?????§Ø??????????
2019-03-19 16:36:16,601-?????????-INFO-???????????FireFox
2019-03-19 16:36:16,601-?????????-INFO-???????:http:10.18.20.17:8081/ecshop/index.php
2019-03-19 16:36:20,039-?????????-INFO-???????????????
2019-03-19 16:36:20,039-?????????-INFO-???????????????
2019-03-19 16:36:20,039-?????????-INFO-?????§Ø??????????
2019-03-19 16:36:20,039-?????????-INFO-?????§Ø??????????
2019-03-19 16:36:25,563-?????????-INFO-???????????FireFox
2019-03-19 16:36:25,563-?????????-INFO-???????????FireFox
2019-03-19 16:36:25,563-?????????-INFO-???????:http:10.18.20.17:8081/ecshop/index.php
2019-03-19 16:36:25,563-?????????-INFO-???????:http:10.18.20.17:8081/ecshop/index.php
2019-03-19 16:36:49,942-?????????-INFO-???????????????
2019-03-19 16:36:49,942-?????????-INFO-?????§Ø??????????
2019-03-19 16:36:55,452-?????????-INFO-???????????FireFox
2019-03-19 16:36:55,452-?????????-INFO-???????:http:10.18.20.17:8081/ecshop/index.php
2019-03-19 16:36:58,948-?????????-INFO-???????????????
2019-03-19 16:36:58,948-?????????-INFO-???????????????
2019-03-19 16:36:58,948-?????????-INFO-?????§Ø??????????
2019-03-19 16:36:58,948-?????????-INFO-?????§Ø??????????
2019-03-19 16:37:04,396-?????????-INFO-???????????FireFox
2019-03-19 16:37:04,396-?????????-INFO-???????????FireFox
2019-03-19 16:37:04,396-?????????-INFO-???????:http:10.18.20.17:8081/ecshop/index.php
2019-03-19 16:37:04,396-?????????-INFO-???????:http:10.18.20.17:8081/ecshop/index.php
2019-03-19 16:39:36,802-?????????-INFO-???????????????
2019-03-19 16:39:36,802-?????????-INFO-?????§Ø??????????
2019-03-19 16:39:42,360-?????????-INFO-???????????FireFox
2019-03-19 16:39:42,360-?????????-INFO-???????:http:10.18.20.17:8081/ecshop/index.php
2019-03-19 16:39:45,766-?????????-INFO-???????????????
2019-03-19 16:39:45,766-?????????-INFO-???????????????
2019-03-19 16:39:45,767-?????????-INFO-?????§Ø??????????
2019-03-19 16:39:45,767-?????????-INFO-?????§Ø??????????
2019-03-19 16:39:51,806-?????????-INFO-???????????FireFox
2019-03-19 16:39:51,806-?????????-INFO-???????????FireFox
2019-03-19 16:39:51,806-?????????-INFO-???????:http:10.18.20.17:8081/ecshop/index.php
2019-03-19 16:39:51,806-?????????-INFO-???????:http:10.18.20.17:8081/ecshop/index.php
2019-03-19 16:40:55,544-?????????-INFO-???????????????
2019-03-19 16:40:55,560-?????????-INFO-?????§Ø??????????
2019-03-19 16:41:01,164-?????????-INFO-???????????FireFox
2019-03-19 16:41:01,164-?????????-INFO-???????:http:10.18.20.17:8081/ecshop/index.php
2019-03-19 16:42:40,388-?????????-INFO-???????????????
2019-03-19 16:42:40,388-?????????-INFO-?????§Ø??????????
2019-03-19 16:42:46,078-?????????-INFO-???????????FireFox
2019-03-19 16:42:46,078-?????????-INFO-???????:http://www.baidu.com
2019-03-19 16:44:12,126-?????????-INFO-???????????????
2019-03-19 16:44:12,126-?????????-INFO-?????§Ø??????????
2019-03-19 16:44:17,539-?????????-INFO-???????????FireFox
2019-03-19 16:44:17,539-?????????-INFO-???????:http://www.baidu.com
2019-03-19 16:54:30,261-??????-INFO-?????init???????????????
2019-03-19 16:54:30,261-?????????-INFO-???????????????
2019-03-19 16:54:30,261-?????????-INFO-?????§Ø??????????
2019-03-19 16:54:36,050-?????????-INFO-???????????FireFox
2019-03-19 16:54:36,050-?????????-INFO-???????:http://www.baidu.com
2019-03-19 16:54:41,678-??????-INFO-?????§Õ??send_keys????
2019-03-19 16:54:41,678-??????-INFO-?????§Õ??find_element????
2019-03-19 16:54:41,678-??????-INFO-???????????
2019-03-19 16:54:41,678-??????-INFO-???????keyword
2019-03-19 16:54:41,678-??????-INFO-?????§Õ??click????
2019-03-19 16:54:41,678-??????-INFO-?????§Õ??find_element????
2019-03-19 16:54:41,678-??????-INFO-???????????
2019-03-19 16:54:41,678-??????-INFO-???????????
