2019-03-20 10:04:46,681-浏览器操作-INFO-读取浏览器配置文件
2019-03-20 10:06:38,552-浏览器操作-INFO-读取浏览器配置文件
2019-03-20 10:06:38,552-浏览器操作-INFO-正在判断浏览器类型
2019-03-20 10:06:44,194-浏览器操作-INFO-当前浏览器是：FireFox
2019-03-20 10:06:44,195-浏览器操作-INFO-打开测试地址:http:10.18.20.17:8081/ecshop/index.php
2019-03-20 10:06:47,743-登录页面-INFO-执行重写的find_element方法
2019-03-20 10:06:48,000-登录页面-INFO-执行input_login方法
2019-03-20 10:06:48,000-登录页面-INFO-执行重写的send_keys方法
2019-03-20 10:06:48,000-登录页面-INFO-执行重写的find_element方法
2019-03-20 10:06:48,059-登录页面-INFO-执行重写的send_keys方法
2019-03-20 10:06:48,060-登录页面-INFO-执行重写的find_element方法
2019-03-20 10:06:48,103-登录页面-INFO-执行login_submit方法
2019-03-20 10:06:48,103-登录页面-INFO-执行重写的find_element方法
2019-03-20 10:06:48,258-登录页面-INFO-执行login_result方法
2019-03-20 10:06:48,258-登录页面-INFO-执行重写的find_element方法
2019-03-20 10:06:48,307-登录页面-INFO-登录成功
2019-03-20 10:06:48,307-登录页面-INFO-截图保留测试结果
2019-03-20 10:06:48,307-登录页面-INFO-执行截图方法
2019-03-20 10:06:48,372-执行截图方法-INFO-有执行截图方法
2019-03-20 10:06:48,372-登录页面-INFO-截图成功
2019-03-20 10:22:26,856-浏览器操作-INFO-读取浏览器配置文件
2019-03-20 10:22:26,857-浏览器操作-INFO-正在判断浏览器类型
2019-03-20 10:22:32,729-浏览器操作-INFO-当前浏览器是：FireFox
2019-03-20 10:22:32,731-浏览器操作-INFO-打开测试地址:http:10.18.20.17:8081/ecshop/index.php
2019-03-20 10:22:36,355-注册页面-INFO-执行register方法
2019-03-20 10:22:36,355-注册页面-INFO-执行重写的find_element方法
2019-03-20 10:22:36,590-注册页面-INFO-执行重写的send_keys方法
2019-03-20 10:22:36,591-注册页面-INFO-执行重写的find_element方法
2019-03-20 10:22:36,651-注册页面-INFO-执行重写的send_keys方法
2019-03-20 10:22:36,651-注册页面-INFO-执行重写的find_element方法
2019-03-20 10:22:36,696-注册页面-INFO-执行重写的send_keys方法
2019-03-20 10:22:36,696-注册页面-INFO-执行重写的find_element方法
2019-03-20 10:22:36,736-注册页面-INFO-执行重写的send_keys方法
2019-03-20 10:22:36,736-注册页面-INFO-执行重写的find_element方法
2019-03-20 10:22:36,819-注册页面-INFO-执行重写的find_element方法
2019-03-20 10:23:21,146-浏览器操作-INFO-读取浏览器配置文件
2019-03-20 10:23:21,147-浏览器操作-INFO-正在判断浏览器类型
2019-03-20 10:23:26,920-浏览器操作-INFO-当前浏览器是：FireFox
2019-03-20 10:23:26,922-浏览器操作-INFO-打开测试地址:http:10.18.20.17:8081/ecshop/index.php
2019-03-20 10:23:30,548-注册页面-INFO-执行register方法
2019-03-20 10:23:30,548-注册页面-INFO-执行重写的find_element方法
2019-03-20 10:23:30,750-注册页面-INFO-执行重写的send_keys方法
2019-03-20 10:23:30,751-注册页面-INFO-执行重写的find_element方法
2019-03-20 10:23:30,793-注册页面-INFO-执行重写的send_keys方法
2019-03-20 10:23:30,794-注册页面-INFO-执行重写的find_element方法
2019-03-20 10:23:30,841-注册页面-INFO-执行重写的send_keys方法
2019-03-20 10:23:30,841-注册页面-INFO-执行重写的find_element方法
2019-03-20 10:23:30,883-注册页面-INFO-执行重写的send_keys方法
2019-03-20 10:23:30,884-注册页面-INFO-执行重写的find_element方法
2019-03-20 10:23:30,955-注册页面-INFO-执行重写的find_element方法
2019-03-20 10:23:31,106-注册页面-INFO-执行重写的find_element方法
2019-03-20 10:23:31,107-注册页面-INFO-找不到目标元素
2019-03-20 10:24:34,404-浏览器操作-INFO-读取浏览器配置文件
2019-03-20 10:24:34,405-浏览器操作-INFO-正在判断浏览器类型
2019-03-20 10:24:39,896-浏览器操作-INFO-当前浏览器是：FireFox
2019-03-20 10:24:39,897-浏览器操作-INFO-打开测试地址:http:10.18.20.17:8081/ecshop/index.php
2019-03-20 10:24:43,433-注册页面-INFO-执行register方法
2019-03-20 10:24:43,433-注册页面-INFO-执行重写的find_element方法
2019-03-20 10:24:43,685-注册页面-INFO-执行重写的send_keys方法
2019-03-20 10:24:43,685-注册页面-INFO-执行重写的find_element方法
2019-03-20 10:24:43,723-注册页面-INFO-执行重写的send_keys方法
2019-03-20 10:24:43,723-注册页面-INFO-执行重写的find_element方法
2019-03-20 10:24:43,772-注册页面-INFO-执行重写的send_keys方法
2019-03-20 10:24:43,772-注册页面-INFO-执行重写的find_element方法
2019-03-20 10:24:43,807-注册页面-INFO-执行重写的send_keys方法
2019-03-20 10:24:43,807-注册页面-INFO-执行重写的find_element方法
2019-03-20 10:24:43,882-注册页面-INFO-执行重写的find_element方法
2019-03-20 10:24:44,036-注册页面-INFO-执行重写的find_element方法
2019-03-20 10:24:44,071-注册页面-INFO-注册成功
2019-03-20 10:24:44,072-注册页面-INFO-截图保留测试结果
2019-03-20 10:24:44,072-注册页面-INFO-执行截图方法
2019-03-20 10:24:44,141-执行截图方法-INFO-有执行截图方法
2019-03-20 10:24:44,141-注册页面-INFO-截图成功
2019-03-20 10:35:27,761-浏览器操作-INFO-读取浏览器配置文件
2019-03-20 10:35:27,762-浏览器操作-INFO-正在判断浏览器类型
2019-03-20 10:35:33,878-浏览器操作-INFO-当前浏览器是：FireFox
2019-03-20 10:35:33,879-浏览器操作-INFO-打开测试地址:http:10.18.20.17:8081/ecshop/index.php
2019-03-20 10:35:37,246-登录页面-INFO-执行重写的find_element方法
2019-03-20 10:35:37,467-登录页面-INFO-执行input_login方法
2019-03-20 10:35:37,468-登录页面-INFO-执行重写的send_keys方法
2019-03-20 10:35:37,468-登录页面-INFO-执行重写的find_element方法
2019-03-20 10:35:37,507-登录页面-INFO-执行重写的send_keys方法
2019-03-20 10:35:37,507-登录页面-INFO-执行重写的find_element方法
2019-03-20 10:35:37,564-登录页面-INFO-执行login_submit方法
2019-03-20 10:35:37,564-登录页面-INFO-执行重写的find_element方法
2019-03-20 10:35:37,731-登录页面-INFO-执行login_result方法
2019-03-20 10:35:37,731-登录页面-INFO-执行重写的find_element方法
2019-03-20 10:35:37,767-登录页面-INFO-登录成功
2019-03-20 10:35:37,767-登录页面-INFO-截图保留测试结果
2019-03-20 10:35:37,767-登录页面-INFO-执行截图方法
2019-03-20 10:35:37,833-执行截图方法-INFO-有执行截图方法
2019-03-20 10:35:37,833-登录页面-INFO-截图成功
2019-03-20 10:37:07,582-浏览器操作-INFO-读取浏览器配置文件
2019-03-20 10:37:07,583-浏览器操作-INFO-正在判断浏览器类型
2019-03-20 10:37:13,291-浏览器操作-INFO-当前浏览器是：FireFox
2019-03-20 10:37:13,292-浏览器操作-INFO-打开测试地址:http:10.18.20.17:8081/ecshop/index.php
2019-03-20 10:37:16,892-登录页面-INFO-执行重写的find_element方法
2019-03-20 10:37:17,167-登录页面-INFO-执行input_login方法
2019-03-20 10:37:17,167-登录页面-INFO-执行重写的send_keys方法
2019-03-20 10:37:17,168-登录页面-INFO-执行重写的find_element方法
2019-03-20 10:37:17,208-登录页面-INFO-执行重写的send_keys方法
2019-03-20 10:37:17,208-登录页面-INFO-执行重写的find_element方法
2019-03-20 10:37:17,255-登录页面-INFO-执行login_submit方法
2019-03-20 10:37:17,255-登录页面-INFO-执行重写的find_element方法
2019-03-20 10:37:17,396-登录页面-INFO-执行login_result方法
2019-03-20 10:37:17,397-登录页面-INFO-执行重写的find_element方法
2019-03-20 10:37:17,436-登录页面-INFO-登录成功
2019-03-20 10:37:17,436-登录页面-INFO-截图保留测试结果
2019-03-20 10:37:17,436-登录页面-INFO-执行截图方法
2019-03-20 10:37:17,508-执行截图方法-INFO-有执行截图方法
2019-03-20 10:37:17,508-登录页面-INFO-截图成功
2019-03-20 10:37:21,506-浏览器操作-INFO-读取浏览器配置文件
2019-03-20 10:37:21,506-浏览器操作-INFO-读取浏览器配置文件
2019-03-20 10:37:21,507-浏览器操作-INFO-正在判断浏览器类型
2019-03-20 10:37:21,507-浏览器操作-INFO-正在判断浏览器类型
2019-03-20 10:37:27,601-浏览器操作-INFO-当前浏览器是：FireFox
2019-03-20 10:37:27,601-浏览器操作-INFO-当前浏览器是：FireFox
2019-03-20 10:37:27,602-浏览器操作-INFO-打开测试地址:http:10.18.20.17:8081/ecshop/index.php
2019-03-20 10:37:27,602-浏览器操作-INFO-打开测试地址:http:10.18.20.17:8081/ecshop/index.php
2019-03-20 10:37:30,926-浏览器操作-INFO-读取浏览器配置文件
2019-03-20 10:37:30,926-浏览器操作-INFO-读取浏览器配置文件
2019-03-20 10:37:30,926-浏览器操作-INFO-读取浏览器配置文件
2019-03-20 10:37:30,928-浏览器操作-INFO-正在判断浏览器类型
2019-03-20 10:37:30,928-浏览器操作-INFO-正在判断浏览器类型
2019-03-20 10:37:30,928-浏览器操作-INFO-正在判断浏览器类型
2019-03-20 10:37:36,836-浏览器操作-INFO-当前浏览器是：FireFox
2019-03-20 10:37:36,836-浏览器操作-INFO-当前浏览器是：FireFox
2019-03-20 10:37:36,836-浏览器操作-INFO-当前浏览器是：FireFox
2019-03-20 10:37:36,837-浏览器操作-INFO-打开测试地址:http:10.18.20.17:8081/ecshop/index.php
2019-03-20 10:37:36,837-浏览器操作-INFO-打开测试地址:http:10.18.20.17:8081/ecshop/index.php
2019-03-20 10:37:36,837-浏览器操作-INFO-打开测试地址:http:10.18.20.17:8081/ecshop/index.php
2019-03-20 10:37:40,164-浏览器操作-INFO-读取浏览器配置文件
2019-03-20 10:37:40,164-浏览器操作-INFO-读取浏览器配置文件
2019-03-20 10:37:40,164-浏览器操作-INFO-读取浏览器配置文件
2019-03-20 10:37:40,164-浏览器操作-INFO-读取浏览器配置文件
2019-03-20 10:37:40,167-浏览器操作-INFO-正在判断浏览器类型
2019-03-20 10:37:40,167-浏览器操作-INFO-正在判断浏览器类型
2019-03-20 10:37:40,167-浏览器操作-INFO-正在判断浏览器类型
2019-03-20 10:37:40,167-浏览器操作-INFO-正在判断浏览器类型
2019-03-20 10:37:46,149-浏览器操作-INFO-当前浏览器是：FireFox
2019-03-20 10:37:46,149-浏览器操作-INFO-当前浏览器是：FireFox
2019-03-20 10:37:46,149-浏览器操作-INFO-当前浏览器是：FireFox
2019-03-20 10:37:46,149-浏览器操作-INFO-当前浏览器是：FireFox
2019-03-20 10:37:46,150-浏览器操作-INFO-打开测试地址:http:10.18.20.17:8081/ecshop/index.php
2019-03-20 10:37:46,150-浏览器操作-INFO-打开测试地址:http:10.18.20.17:8081/ecshop/index.php
2019-03-20 10:37:46,150-浏览器操作-INFO-打开测试地址:http:10.18.20.17:8081/ecshop/index.php
2019-03-20 10:37:46,150-浏览器操作-INFO-打开测试地址:http:10.18.20.17:8081/ecshop/index.php
2019-03-20 10:37:49,493-注册页面-INFO-执行register方法
2019-03-20 10:37:49,493-注册页面-INFO-执行重写的find_element方法
2019-03-20 10:37:50,468-注册页面-INFO-找不到目标元素
2019-03-20 10:38:15,912-浏览器操作-INFO-读取浏览器配置文件
2019-03-20 10:38:15,913-浏览器操作-INFO-正在判断浏览器类型
2019-03-20 10:38:21,308-浏览器操作-INFO-当前浏览器是：FireFox
2019-03-20 10:38:21,309-浏览器操作-INFO-打开测试地址:http:10.18.20.17:8081/ecshop/index.php
2019-03-20 10:38:24,773-浏览器操作-INFO-读取浏览器配置文件
2019-03-20 10:38:24,773-浏览器操作-INFO-读取浏览器配置文件
2019-03-20 10:38:24,775-浏览器操作-INFO-正在判断浏览器类型
2019-03-20 10:38:24,775-浏览器操作-INFO-正在判断浏览器类型
2019-03-20 10:38:30,232-浏览器操作-INFO-当前浏览器是：FireFox
2019-03-20 10:38:30,232-浏览器操作-INFO-当前浏览器是：FireFox
2019-03-20 10:38:30,234-浏览器操作-INFO-打开测试地址:http:10.18.20.17:8081/ecshop/index.php
2019-03-20 10:38:30,234-浏览器操作-INFO-打开测试地址:http:10.18.20.17:8081/ecshop/index.php
2019-03-20 10:38:33,708-浏览器操作-INFO-读取浏览器配置文件
2019-03-20 10:38:33,708-浏览器操作-INFO-读取浏览器配置文件
2019-03-20 10:38:33,708-浏览器操作-INFO-读取浏览器配置文件
2019-03-20 10:38:33,709-浏览器操作-INFO-正在判断浏览器类型
2019-03-20 10:38:33,709-浏览器操作-INFO-正在判断浏览器类型
2019-03-20 10:38:33,709-浏览器操作-INFO-正在判断浏览器类型
2019-03-20 10:38:39,179-浏览器操作-INFO-当前浏览器是：FireFox
2019-03-20 10:38:39,179-浏览器操作-INFO-当前浏览器是：FireFox
2019-03-20 10:38:39,179-浏览器操作-INFO-当前浏览器是：FireFox
2019-03-20 10:38:39,180-浏览器操作-INFO-打开测试地址:http:10.18.20.17:8081/ecshop/index.php
2019-03-20 10:38:39,180-浏览器操作-INFO-打开测试地址:http:10.18.20.17:8081/ecshop/index.php
2019-03-20 10:38:39,180-浏览器操作-INFO-打开测试地址:http:10.18.20.17:8081/ecshop/index.php
2019-03-20 10:38:42,570-注册页面-INFO-执行register方法
2019-03-20 10:38:42,570-注册页面-INFO-执行重写的find_element方法
2019-03-20 10:38:43,117-注册页面-INFO-执行重写的send_keys方法
2019-03-20 10:38:43,117-注册页面-INFO-执行重写的find_element方法
2019-03-20 10:38:43,152-注册页面-INFO-执行重写的send_keys方法
2019-03-20 10:38:43,152-注册页面-INFO-执行重写的find_element方法
2019-03-20 10:38:43,188-注册页面-INFO-执行重写的send_keys方法
2019-03-20 10:38:43,189-注册页面-INFO-执行重写的find_element方法
2019-03-20 10:38:43,218-注册页面-INFO-执行重写的send_keys方法
2019-03-20 10:38:43,218-注册页面-INFO-执行重写的find_element方法
2019-03-20 10:38:43,246-注册页面-INFO-执行重写的find_element方法
2019-03-20 10:38:43,633-注册页面-INFO-执行重写的find_element方法
2019-03-20 10:38:43,689-注册页面-INFO-注册成功
2019-03-20 10:38:43,689-注册页面-INFO-截图保留测试结果
2019-03-20 10:38:43,689-注册页面-INFO-执行截图方法
2019-03-20 10:38:43,768-执行截图方法-INFO-有执行截图方法
2019-03-20 10:38:43,768-注册页面-INFO-截图成功
2019-03-20 10:39:38,145-浏览器操作-INFO-读取浏览器配置文件
2019-03-20 10:39:38,146-浏览器操作-INFO-正在判断浏览器类型
2019-03-20 10:39:43,644-浏览器操作-INFO-当前浏览器是：FireFox
2019-03-20 10:39:43,645-浏览器操作-INFO-打开测试地址:http:10.18.20.17:8081/ecshop/index.php
2019-03-20 10:39:46,976-浏览器操作-INFO-读取浏览器配置文件
2019-03-20 10:39:46,976-浏览器操作-INFO-读取浏览器配置文件
2019-03-20 10:39:46,978-浏览器操作-INFO-正在判断浏览器类型
2019-03-20 10:39:46,978-浏览器操作-INFO-正在判断浏览器类型
2019-03-20 10:39:52,407-浏览器操作-INFO-当前浏览器是：FireFox
2019-03-20 10:39:52,407-浏览器操作-INFO-当前浏览器是：FireFox
2019-03-20 10:39:52,408-浏览器操作-INFO-打开测试地址:http:10.18.20.17:8081/ecshop/index.php
2019-03-20 10:39:52,408-浏览器操作-INFO-打开测试地址:http:10.18.20.17:8081/ecshop/index.php
2019-03-20 10:39:56,006-浏览器操作-INFO-读取浏览器配置文件
2019-03-20 10:39:56,006-浏览器操作-INFO-读取浏览器配置文件
2019-03-20 10:39:56,006-浏览器操作-INFO-读取浏览器配置文件
2019-03-20 10:39:56,007-浏览器操作-INFO-正在判断浏览器类型
2019-03-20 10:39:56,007-浏览器操作-INFO-正在判断浏览器类型
2019-03-20 10:39:56,007-浏览器操作-INFO-正在判断浏览器类型
2019-03-20 10:40:01,522-浏览器操作-INFO-当前浏览器是：FireFox
2019-03-20 10:40:01,522-浏览器操作-INFO-当前浏览器是：FireFox
2019-03-20 10:40:01,522-浏览器操作-INFO-当前浏览器是：FireFox
2019-03-20 10:40:01,523-浏览器操作-INFO-打开测试地址:http:10.18.20.17:8081/ecshop/index.php
2019-03-20 10:40:01,523-浏览器操作-INFO-打开测试地址:http:10.18.20.17:8081/ecshop/index.php
2019-03-20 10:40:01,523-浏览器操作-INFO-打开测试地址:http:10.18.20.17:8081/ecshop/index.php
2019-03-20 10:40:04,919-注册页面-INFO-执行register方法
2019-03-20 10:40:04,919-注册页面-INFO-执行重写的find_element方法
2019-03-20 10:40:05,588-注册页面-INFO-找不到目标元素
2019-03-20 10:41:03,792-浏览器操作-INFO-读取浏览器配置文件
2019-03-20 10:41:03,793-浏览器操作-INFO-正在判断浏览器类型
2019-03-20 10:41:09,166-浏览器操作-INFO-当前浏览器是：FireFox
2019-03-20 10:41:09,167-浏览器操作-INFO-打开测试地址:http:10.18.20.17:8081/ecshop/index.php
2019-03-20 10:41:12,485-注册页面-INFO-执行register方法
2019-03-20 10:41:12,485-注册页面-INFO-执行重写的find_element方法
2019-03-20 10:41:12,724-注册页面-INFO-执行重写的send_keys方法
2019-03-20 10:41:12,724-注册页面-INFO-执行重写的find_element方法
2019-03-20 10:41:12,788-注册页面-INFO-执行重写的send_keys方法
2019-03-20 10:41:12,788-注册页面-INFO-执行重写的find_element方法
2019-03-20 10:41:12,840-注册页面-INFO-执行重写的send_keys方法
2019-03-20 10:41:12,841-注册页面-INFO-执行重写的find_element方法
2019-03-20 10:41:12,871-注册页面-INFO-执行重写的send_keys方法
2019-03-20 10:41:12,871-注册页面-INFO-执行重写的find_element方法
2019-03-20 10:41:12,922-注册页面-INFO-执行重写的find_element方法
2019-03-20 10:41:13,686-注册页面-INFO-执行重写的find_element方法
2019-03-20 10:41:18,955-注册页面-INFO-找不到目标元素
2019-03-20 10:48:42,747-浏览器操作-INFO-读取浏览器配置文件
2019-03-20 10:48:42,748-浏览器操作-INFO-正在判断浏览器类型
2019-03-20 10:48:48,815-浏览器操作-INFO-当前浏览器是：FireFox
2019-03-20 10:48:48,816-浏览器操作-INFO-打开测试地址:http:10.18.20.17:8081/ecshop/index.php
2019-03-20 10:48:52,187-注册页面-INFO-执行register方法
2019-03-20 10:48:52,187-注册页面-INFO-执行重写的find_element方法
2019-03-20 10:48:52,420-注册页面-INFO-执行重写的send_keys方法
2019-03-20 10:48:52,420-注册页面-INFO-执行重写的find_element方法
2019-03-20 10:48:52,480-注册页面-INFO-执行重写的send_keys方法
2019-03-20 10:48:52,480-注册页面-INFO-执行重写的find_element方法
2019-03-20 10:48:52,537-注册页面-INFO-执行重写的send_keys方法
2019-03-20 10:48:52,537-注册页面-INFO-执行重写的find_element方法
2019-03-20 10:48:52,571-注册页面-INFO-执行重写的send_keys方法
2019-03-20 10:48:52,571-注册页面-INFO-执行重写的find_element方法
2019-03-20 10:48:52,647-注册页面-INFO-执行重写的find_element方法
2019-03-20 10:48:52,824-注册页面-INFO-执行重写的find_element方法
2019-03-20 10:48:52,873-注册页面-INFO-注册成功
2019-03-20 10:48:52,873-注册页面-INFO-截图保留测试结果
2019-03-20 10:48:52,874-注册页面-INFO-执行截图方法
2019-03-20 10:48:52,938-执行截图方法-INFO-有执行截图方法
2019-03-20 10:48:52,938-注册页面-INFO-截图成功
2019-03-20 10:48:57,371-浏览器操作-INFO-读取浏览器配置文件
2019-03-20 10:48:57,371-浏览器操作-INFO-读取浏览器配置文件
2019-03-20 10:48:57,371-浏览器操作-INFO-正在判断浏览器类型
2019-03-20 10:48:57,371-浏览器操作-INFO-正在判断浏览器类型
2019-03-20 10:49:03,191-浏览器操作-INFO-当前浏览器是：FireFox
2019-03-20 10:49:03,191-浏览器操作-INFO-当前浏览器是：FireFox
2019-03-20 10:49:03,192-浏览器操作-INFO-打开测试地址:http:10.18.20.17:8081/ecshop/index.php
2019-03-20 10:49:03,192-浏览器操作-INFO-打开测试地址:http:10.18.20.17:8081/ecshop/index.php
2019-03-20 10:49:06,476-登录页面-INFO-执行重写的find_element方法
2019-03-20 10:49:06,719-登录页面-INFO-执行input_login方法
2019-03-20 10:49:06,719-登录页面-INFO-执行重写的send_keys方法
2019-03-20 10:49:06,719-登录页面-INFO-执行重写的find_element方法
2019-03-20 10:49:06,759-登录页面-INFO-执行重写的send_keys方法
2019-03-20 10:49:06,759-登录页面-INFO-执行重写的find_element方法
2019-03-20 10:49:06,806-登录页面-INFO-执行login_submit方法
2019-03-20 10:49:06,806-登录页面-INFO-执行重写的find_element方法
2019-03-20 10:49:06,955-登录页面-INFO-执行login_result方法
2019-03-20 10:49:06,955-登录页面-INFO-执行重写的find_element方法
2019-03-20 10:49:07,002-登录页面-INFO-登录成功
2019-03-20 10:49:07,002-登录页面-INFO-截图保留测试结果
2019-03-20 10:49:07,002-登录页面-INFO-执行截图方法
2019-03-20 10:49:07,072-执行截图方法-INFO-有执行截图方法
2019-03-20 10:49:07,072-执行截图方法-INFO-有执行截图方法
2019-03-20 10:49:07,072-登录页面-INFO-截图成功
2019-03-20 10:49:11,398-浏览器操作-INFO-读取浏览器配置文件
2019-03-20 10:49:11,398-浏览器操作-INFO-读取浏览器配置文件
2019-03-20 10:49:11,398-浏览器操作-INFO-读取浏览器配置文件
2019-03-20 10:49:11,399-浏览器操作-INFO-正在判断浏览器类型
2019-03-20 10:49:11,399-浏览器操作-INFO-正在判断浏览器类型
2019-03-20 10:49:11,399-浏览器操作-INFO-正在判断浏览器类型
2019-03-20 10:49:17,101-浏览器操作-INFO-当前浏览器是：FireFox
2019-03-20 10:49:17,101-浏览器操作-INFO-当前浏览器是：FireFox
2019-03-20 10:49:17,101-浏览器操作-INFO-当前浏览器是：FireFox
2019-03-20 10:49:17,102-浏览器操作-INFO-打开测试地址:http:10.18.20.17:8081/ecshop/index.php
2019-03-20 10:49:17,102-浏览器操作-INFO-打开测试地址:http:10.18.20.17:8081/ecshop/index.php
2019-03-20 10:49:17,102-浏览器操作-INFO-打开测试地址:http:10.18.20.17:8081/ecshop/index.php
2019-03-20 10:49:20,639-搜索页面-INFO-执行input_search方法
2019-03-20 10:49:20,639-搜索页面-INFO-执行重写的find_element方法
2019-03-20 10:49:20,694-搜索页面-INFO-执行submit_search方法
2019-03-20 10:49:20,694-搜索页面-INFO-执行重写的find_element方法
2019-03-20 10:49:20,938-搜索页面-INFO-执行重写的find_element方法
2019-03-20 10:49:27,251-搜索页面-INFO-执行重写的find_element方法
2019-03-20 10:49:27,372-搜索页面-INFO-查找成功
2019-03-20 10:49:27,372-搜索页面-INFO-截图保留测试结果
2019-03-20 10:49:27,372-搜索页面-INFO-执行截图方法
2019-03-20 10:49:27,441-执行截图方法-INFO-有执行截图方法
2019-03-20 10:49:27,441-执行截图方法-INFO-有执行截图方法
2019-03-20 10:49:27,441-执行截图方法-INFO-有执行截图方法
2019-03-20 10:49:27,442-搜索页面-INFO-截图成功
2019-03-20 10:51:14,693-浏览器操作-INFO-读取浏览器配置文件
2019-03-20 10:51:14,694-浏览器操作-INFO-正在判断浏览器类型
2019-03-20 10:51:20,717-浏览器操作-INFO-当前浏览器是：FireFox
2019-03-20 10:51:20,718-浏览器操作-INFO-打开测试地址:http:10.18.20.17:8081/ecshop/index.php
2019-03-20 10:51:24,552-登录页面-INFO-执行重写的find_element方法
2019-03-20 10:51:24,872-登录页面-INFO-执行input_login方法
2019-03-20 10:51:24,872-登录页面-INFO-执行重写的send_keys方法
2019-03-20 10:51:24,872-登录页面-INFO-执行重写的find_element方法
2019-03-20 10:51:24,937-登录页面-INFO-执行重写的send_keys方法
2019-03-20 10:51:24,937-登录页面-INFO-执行重写的find_element方法
2019-03-20 10:51:24,986-登录页面-INFO-执行login_submit方法
2019-03-20 10:51:24,986-登录页面-INFO-执行重写的find_element方法
2019-03-20 10:51:25,294-登录页面-INFO-执行login_result方法
2019-03-20 10:51:25,295-登录页面-INFO-执行重写的find_element方法
2019-03-20 10:51:25,349-登录页面-INFO-登录成功
2019-03-20 10:51:25,349-登录页面-INFO-截图保留测试结果
2019-03-20 10:51:25,349-登录页面-INFO-执行截图方法
2019-03-20 10:51:25,433-执行截图方法-INFO-有执行截图方法
2019-03-20 10:51:25,434-登录页面-INFO-截图成功
2019-03-20 10:51:29,723-浏览器操作-INFO-读取浏览器配置文件
2019-03-20 10:51:29,723-浏览器操作-INFO-读取浏览器配置文件
2019-03-20 10:51:29,724-浏览器操作-INFO-正在判断浏览器类型
2019-03-20 10:51:29,724-浏览器操作-INFO-正在判断浏览器类型
2019-03-20 10:51:35,351-浏览器操作-INFO-当前浏览器是：FireFox
2019-03-20 10:51:35,351-浏览器操作-INFO-当前浏览器是：FireFox
2019-03-20 10:51:35,352-浏览器操作-INFO-打开测试地址:http:10.18.20.17:8081/ecshop/index.php
2019-03-20 10:51:35,352-浏览器操作-INFO-打开测试地址:http:10.18.20.17:8081/ecshop/index.php
2019-03-20 10:51:38,714-搜索页面-INFO-执行input_search方法
2019-03-20 10:51:38,714-搜索页面-INFO-执行重写的find_element方法
2019-03-20 10:51:38,765-搜索页面-INFO-执行submit_search方法
2019-03-20 10:51:38,765-搜索页面-INFO-执行重写的find_element方法
2019-03-20 10:51:39,020-搜索页面-INFO-执行重写的find_element方法
2019-03-20 10:51:45,336-搜索页面-INFO-执行重写的find_element方法
2019-03-20 10:51:45,456-搜索页面-INFO-查找成功
2019-03-20 10:51:45,456-搜索页面-INFO-截图保留测试结果
2019-03-20 10:51:45,456-搜索页面-INFO-执行截图方法
2019-03-20 10:51:45,557-执行截图方法-INFO-有执行截图方法
2019-03-20 10:51:45,557-执行截图方法-INFO-有执行截图方法
2019-03-20 10:51:45,557-搜索页面-INFO-截图成功
