2019-03-20 08:57:38,042-搜索页面-INFO-执行search方法
2019-03-20 08:57:38,047-搜索页面-INFO-执行重写的send_keys方法
2019-03-20 08:57:38,047-搜索页面-INFO-执行重写的find_element方法
2019-03-20 08:57:38,047-搜索页面-INFO-找不到目标元素
2019-03-20 08:57:38,047-搜索页面-INFO-无法输入keyword
2019-03-20 08:58:03,374-搜索页面-INFO-执行search方法
2019-03-20 08:58:03,374-搜索页面-INFO-执行重写的send_keys方法
2019-03-20 08:58:03,374-搜索页面-INFO-执行重写的find_element方法
2019-03-20 08:58:03,374-搜索页面-INFO-找不到目标元素
2019-03-20 08:58:03,374-搜索页面-INFO-无法输入keyword
2019-03-20 08:58:03,374-搜索页面-INFO-执行重写的click方法
2019-03-20 08:58:03,374-搜索页面-INFO-执行重写的find_element方法
2019-03-20 08:58:03,374-搜索页面-INFO-找不到目标元素
2019-03-20 08:58:03,374-搜索页面-INFO-点击按钮找不到
2019-03-20 08:58:03,374-搜索页面-INFO-执行重写的click方法
2019-03-20 08:58:03,374-搜索页面-INFO-执行重写的find_element方法
2019-03-20 08:58:03,375-搜索页面-INFO-找不到目标元素
2019-03-20 08:58:03,375-搜索页面-INFO-点击按钮找不到
2019-03-20 08:58:03,375-搜索页面-INFO-执行重写的find_element方法
2019-03-20 08:58:03,375-搜索页面-INFO-找不到目标元素
