2019-03-20 09:07:55,403-搜索页面-INFO-执行input_search方法
2019-03-20 09:07:55,710-搜索页面-INFO-执行submit_search方法
2019-03-20 09:10:41,578-搜索页面-INFO-执行search方法
2019-03-20 09:10:41,578-搜索页面-INFO-执行重写的send_keys方法
2019-03-20 09:10:41,578-搜索页面-INFO-执行重写的find_element方法
2019-03-20 09:10:41,578-搜索页面-INFO-找不到目标元素
2019-03-20 09:10:41,578-搜索页面-INFO-无法输入keyword
2019-03-20 09:10:41,578-搜索页面-INFO-执行重写的click方法
2019-03-20 09:10:41,578-搜索页面-INFO-执行重写的find_element方法
2019-03-20 09:10:41,578-搜索页面-INFO-找不到目标元素
2019-03-20 09:10:41,578-搜索页面-INFO-点击按钮找不到
2019-03-20 09:10:41,578-搜索页面-INFO-执行重写的click方法
2019-03-20 09:10:41,578-搜索页面-INFO-执行重写的find_element方法
2019-03-20 09:10:41,579-搜索页面-INFO-找不到目标元素
2019-03-20 09:10:41,579-搜索页面-INFO-点击按钮找不到
2019-03-20 09:10:41,579-搜索页面-INFO-执行重写的find_element方法
2019-03-20 09:10:41,579-搜索页面-INFO-找不到目标元素
2019-03-20 09:14:43,552-搜索页面-INFO-执行input_search方法
2019-03-20 09:14:43,748-搜索页面-INFO-执行submit_search方法
2019-03-20 09:28:54,615-登录页面-INFO-执行input_login方法
2019-03-20 09:29:15,003-登录页面-INFO-执行login_submit方法
2019-03-20 09:31:34,875-登录页面-INFO-执行input_login方法
2019-03-20 09:31:34,953-登录页面-INFO-执行login_submit方法
2019-03-20 09:31:35,147-登录页面-INFO-登录成功
2019-03-20 09:36:04,958-浏览器操作-INFO-读取浏览器配置文件
2019-03-20 09:36:04,959-浏览器操作-INFO-正在判断浏览器类型
2019-03-20 09:36:10,675-浏览器操作-INFO-当前浏览器是：FireFox
2019-03-20 09:36:10,677-浏览器操作-INFO-打开测试地址:http:10.18.20.17:8081/ecshop/index.php
2019-03-20 09:37:34,109-浏览器操作-INFO-读取浏览器配置文件
2019-03-20 09:37:34,110-浏览器操作-INFO-正在判断浏览器类型
2019-03-20 09:37:39,800-浏览器操作-INFO-当前浏览器是：FireFox
2019-03-20 09:37:39,802-浏览器操作-INFO-打开测试地址:http:10.18.20.17:8081/ecshop/index.php
2019-03-20 09:37:43,365-登录页面-INFO-执行input_login方法
2019-03-20 09:37:43,466-登录页面-INFO-执行login_submit方法
2019-03-20 09:37:43,633-登录页面-INFO-登录成功
2019-03-20 09:41:17,685-浏览器操作-INFO-读取浏览器配置文件
2019-03-20 09:41:17,686-浏览器操作-INFO-正在判断浏览器类型
2019-03-20 09:41:23,337-浏览器操作-INFO-当前浏览器是：FireFox
2019-03-20 09:41:23,338-浏览器操作-INFO-打开测试地址:http:10.18.20.17:8081/ecshop/index.php
2019-03-20 09:41:27,164-登录页面-INFO-执行input_login方法
2019-03-20 09:41:27,284-登录页面-INFO-执行login_submit方法
2019-03-20 09:41:27,483-登录页面-INFO-登录成功
2019-03-20 09:43:01,254-浏览器操作-INFO-读取浏览器配置文件
2019-03-20 09:43:01,254-浏览器操作-INFO-正在判断浏览器类型
2019-03-20 09:43:06,971-浏览器操作-INFO-当前浏览器是：FireFox
2019-03-20 09:43:06,972-浏览器操作-INFO-打开测试地址:http:10.18.20.17:8081/ecshop/index.php
2019-03-20 09:43:10,541-登录页面-INFO-执行input_login方法
2019-03-20 09:43:10,667-登录页面-INFO-执行login_submit方法
2019-03-20 09:43:10,797-登录页面-INFO-执行login_result方法
2019-03-20 09:43:10,833-登录页面-INFO-登录成功
2019-03-20 09:43:30,324-浏览器操作-INFO-读取浏览器配置文件
2019-03-20 09:43:30,325-浏览器操作-INFO-正在判断浏览器类型
2019-03-20 09:43:35,780-浏览器操作-INFO-当前浏览器是：FireFox
2019-03-20 09:43:35,781-浏览器操作-INFO-打开测试地址:http:10.18.20.17:8081/ecshop/index.php
2019-03-20 09:43:39,320-登录页面-INFO-执行input_login方法
2019-03-20 09:43:39,421-登录页面-INFO-执行login_submit方法
2019-03-20 09:43:39,579-登录页面-INFO-执行login_result方法
2019-03-20 09:43:39,615-登录页面-INFO-登录成功
2019-03-20 09:49:38,709-浏览器操作-INFO-读取浏览器配置文件
2019-03-20 09:49:38,709-浏览器操作-INFO-正在判断浏览器类型
2019-03-20 09:49:44,100-浏览器操作-INFO-当前浏览器是：FireFox
2019-03-20 09:49:44,101-浏览器操作-INFO-打开测试地址:http:10.18.20.17:8081/ecshop/index.php
2019-03-20 09:49:47,461-登录页面-INFO-执行重写的find_element方法
2019-03-20 09:49:47,691-登录页面-INFO-执行input_login方法
2019-03-20 09:49:47,691-登录页面-INFO-执行重写的send_keys方法
2019-03-20 09:49:47,692-登录页面-INFO-执行重写的find_element方法
2019-03-20 09:49:47,768-登录页面-INFO-执行重写的send_keys方法
2019-03-20 09:49:47,768-登录页面-INFO-执行重写的find_element方法
2019-03-20 09:49:47,813-登录页面-INFO-执行login_submit方法
2019-03-20 09:49:47,814-登录页面-INFO-执行重写的find_element方法
2019-03-20 09:49:47,999-登录页面-INFO-执行login_result方法
2019-03-20 09:49:47,999-登录页面-INFO-执行重写的find_element方法
2019-03-20 09:49:48,035-登录页面-INFO-登录成功
2019-03-20 09:49:48,035-登录页面-INFO-截图保留测试结果
2019-03-20 09:49:48,035-登录页面-INFO-执行截图方法
2019-03-20 09:49:48,104-执行截图方法-INFO-有执行截图方法
2019-03-20 09:49:48,104-登录页面-INFO-截图成功
2019-03-20 09:50:41,575-浏览器操作-INFO-读取浏览器配置文件
2019-03-20 09:50:41,576-浏览器操作-INFO-正在判断浏览器类型
2019-03-20 09:50:46,938-浏览器操作-INFO-当前浏览器是：FireFox
2019-03-20 09:50:46,940-浏览器操作-INFO-打开测试地址:http:10.18.20.17:8081/ecshop/index.php
2019-03-20 09:50:50,470-登录页面-INFO-执行重写的find_element方法
2019-03-20 09:50:50,672-登录页面-INFO-执行input_login方法
2019-03-20 09:50:50,673-登录页面-INFO-执行重写的send_keys方法
2019-03-20 09:50:50,673-登录页面-INFO-执行重写的find_element方法
2019-03-20 09:50:50,745-登录页面-INFO-执行重写的send_keys方法
2019-03-20 09:50:50,745-登录页面-INFO-执行重写的find_element方法
2019-03-20 09:50:50,786-登录页面-INFO-执行login_submit方法
2019-03-20 09:50:50,786-登录页面-INFO-执行重写的find_element方法
2019-03-20 09:50:50,985-登录页面-INFO-执行login_result方法
2019-03-20 09:50:50,985-登录页面-INFO-执行重写的find_element方法
2019-03-20 09:50:51,028-登录页面-INFO-登录成功
2019-03-20 09:50:51,028-登录页面-INFO-截图保留测试结果
2019-03-20 09:50:51,028-登录页面-INFO-执行截图方法
2019-03-20 09:50:51,090-执行截图方法-INFO-有执行截图方法
2019-03-20 09:50:51,090-登录页面-INFO-截图成功
2019-03-20 09:51:42,676-浏览器操作-INFO-读取浏览器配置文件
2019-03-20 09:51:42,676-浏览器操作-INFO-正在判断浏览器类型
2019-03-20 09:51:48,066-浏览器操作-INFO-当前浏览器是：FireFox
2019-03-20 09:51:48,067-浏览器操作-INFO-打开测试地址:http:10.18.20.17:8081/ecshop/index.php
2019-03-20 09:51:51,426-登录页面-INFO-执行重写的find_element方法
2019-03-20 09:51:51,653-登录页面-INFO-执行input_login方法
2019-03-20 09:51:51,653-登录页面-INFO-执行重写的send_keys方法
2019-03-20 09:51:51,653-登录页面-INFO-执行重写的find_element方法
2019-03-20 09:51:51,714-登录页面-INFO-执行重写的send_keys方法
2019-03-20 09:51:51,714-登录页面-INFO-执行重写的find_element方法
2019-03-20 09:51:51,767-登录页面-INFO-执行login_submit方法
2019-03-20 09:51:51,767-登录页面-INFO-执行重写的find_element方法
2019-03-20 09:51:51,901-登录页面-INFO-执行login_result方法
2019-03-20 09:51:51,901-登录页面-INFO-执行重写的find_element方法
2019-03-20 09:51:51,945-登录页面-INFO-登录成功
2019-03-20 09:51:51,945-登录页面-INFO-截图保留测试结果
2019-03-20 09:51:51,945-登录页面-INFO-执行截图方法
2019-03-20 09:51:52,011-执行截图方法-INFO-有执行截图方法
2019-03-20 09:51:52,011-登录页面-INFO-截图成功
2019-03-20 09:53:29,221-浏览器操作-INFO-读取浏览器配置文件
2019-03-20 09:53:29,221-浏览器操作-INFO-正在判断浏览器类型
2019-03-20 09:53:34,671-浏览器操作-INFO-当前浏览器是：FireFox
2019-03-20 09:53:34,672-浏览器操作-INFO-打开测试地址:http:10.18.20.17:8081/ecshop/index.php
2019-03-20 09:53:38,001-搜索页面-INFO-执行input_search方法
2019-03-20 09:53:38,001-搜索页面-INFO-执行重写的find_element方法
2019-03-20 09:53:38,070-搜索页面-INFO-执行submit_search方法
2019-03-20 09:53:38,070-搜索页面-INFO-执行重写的find_element方法
2019-03-20 09:53:38,324-搜索页面-INFO-执行重写的find_element方法
2019-03-20 09:53:48,514-搜索页面-INFO-找不到目标元素
2019-03-20 09:57:05,905-浏览器操作-INFO-读取浏览器配置文件
2019-03-20 09:57:05,906-浏览器操作-INFO-正在判断浏览器类型
2019-03-20 09:57:12,094-浏览器操作-INFO-当前浏览器是：FireFox
2019-03-20 09:57:12,096-浏览器操作-INFO-打开测试地址:http:10.18.20.17:8081/ecshop/index.php
2019-03-20 09:57:15,456-搜索页面-INFO-执行input_search方法
2019-03-20 09:57:15,456-搜索页面-INFO-执行重写的find_element方法
2019-03-20 09:57:15,501-搜索页面-INFO-执行submit_search方法
2019-03-20 09:57:15,501-搜索页面-INFO-执行重写的find_element方法
2019-03-20 09:57:39,486-浏览器操作-INFO-读取浏览器配置文件
2019-03-20 09:57:39,487-浏览器操作-INFO-正在判断浏览器类型
2019-03-20 09:57:44,877-浏览器操作-INFO-当前浏览器是：FireFox
2019-03-20 09:57:44,878-浏览器操作-INFO-打开测试地址:http:10.18.20.17:8081/ecshop/index.php
2019-03-20 09:57:48,186-搜索页面-INFO-执行input_search方法
2019-03-20 09:57:48,186-搜索页面-INFO-执行重写的find_element方法
2019-03-20 09:57:48,301-搜索页面-INFO-执行submit_search方法
2019-03-20 09:57:48,301-搜索页面-INFO-执行重写的find_element方法
2019-03-20 09:57:48,563-搜索页面-INFO-执行重写的find_element方法
2019-03-20 09:57:54,922-搜索页面-INFO-执行重写的find_element方法
2019-03-20 09:57:55,001-搜索页面-INFO-查找成功
