2019-03-19 17:17:05,623-基准页面-INFO-初始化init方法，启动浏览器
2019-03-19 17:17:05,623-浏览器操作-INFO-读取浏览器配置文件
2019-03-19 17:17:05,623-浏览器操作-INFO-正在判断浏览器类型
2019-03-19 17:17:11,539-浏览器操作-INFO-当前浏览器是：FireFox
2019-03-19 17:17:11,539-浏览器操作-INFO-打开测试地址:http://www.baidu.com
2019-03-19 17:17:17,124-基准页面-INFO-执行重写的send_keys方法
2019-03-19 17:17:17,124-基准页面-INFO-执行重写的find_element方法
2019-03-19 17:17:17,124-基准页面-INFO-找不到目标元素
2019-03-19 17:17:17,124-基准页面-INFO-无法输入keyword
2019-03-19 17:17:17,124-基准页面-INFO-执行重写的click方法
2019-03-19 17:17:17,124-基准页面-INFO-执行重写的find_element方法
2019-03-19 17:17:17,124-基准页面-INFO-找不到目标元素
2019-03-19 17:17:17,124-基准页面-INFO-点击按钮找不到
2019-03-19 17:20:33,777-基准页面-INFO-初始化init方法，启动浏览器
2019-03-19 17:20:33,777-浏览器操作-INFO-读取浏览器配置文件
2019-03-19 17:20:33,777-浏览器操作-INFO-正在判断浏览器类型
2019-03-19 17:20:39,553-浏览器操作-INFO-当前浏览器是：FireFox
2019-03-19 17:20:39,553-浏览器操作-INFO-打开测试地址:http://www.baidu.com
2019-03-19 17:20:45,231-基准页面-INFO-执行重写的send_keys方法
2019-03-19 17:20:45,231-基准页面-INFO-执行重写的find_element方法
2019-03-19 17:20:45,231-基准页面-INFO-找不到目标元素
2019-03-19 17:20:45,231-基准页面-INFO-无法输入keyword
2019-03-19 17:20:45,231-基准页面-INFO-执行重写的click方法
2019-03-19 17:20:45,231-基准页面-INFO-执行重写的find_element方法
2019-03-19 17:20:45,231-基准页面-INFO-找不到目标元素
2019-03-19 17:20:45,231-基准页面-INFO-点击按钮找不到
2019-03-19 17:27:42,179-基准页面-INFO-初始化init方法，启动浏览器
2019-03-19 17:27:42,179-浏览器操作-INFO-读取浏览器配置文件
2019-03-19 17:27:42,179-浏览器操作-INFO-正在判断浏览器类型
2019-03-19 17:27:48,002-浏览器操作-INFO-当前浏览器是：FireFox
2019-03-19 17:27:48,002-浏览器操作-INFO-打开测试地址:http://www.baidu.com
2019-03-19 17:27:53,712-基准页面-INFO-执行重写的send_keys方法
2019-03-19 17:27:53,712-基准页面-INFO-执行重写的find_element方法
2019-03-19 17:27:53,712-基准页面-INFO-找不到目标元素
2019-03-19 17:27:53,712-基准页面-INFO-无法输入keyword
2019-03-19 17:27:53,712-基准页面-INFO-执行重写的click方法
2019-03-19 17:27:53,712-基准页面-INFO-执行重写的find_element方法
2019-03-19 17:27:53,712-基准页面-INFO-找不到目标元素
2019-03-19 17:27:53,712-基准页面-INFO-点击按钮找不到
2019-03-19 17:27:53,727-基准页面-INFO-初始化init方法，启动浏览器
2019-03-19 17:27:53,727-基准页面-INFO-初始化init方法，启动浏览器
2019-03-19 17:27:53,727-浏览器操作-INFO-读取浏览器配置文件
2019-03-19 17:27:53,727-浏览器操作-INFO-读取浏览器配置文件
2019-03-19 17:27:53,727-浏览器操作-INFO-正在判断浏览器类型
2019-03-19 17:27:53,727-浏览器操作-INFO-正在判断浏览器类型
2019-03-19 17:28:00,127-浏览器操作-INFO-当前浏览器是：FireFox
2019-03-19 17:28:00,127-浏览器操作-INFO-当前浏览器是：FireFox
2019-03-19 17:28:00,143-浏览器操作-INFO-打开测试地址:http:10.18.20.17:8081/ecshop/index.php
2019-03-19 17:28:00,143-浏览器操作-INFO-打开测试地址:http:10.18.20.17:8081/ecshop/index.php
2019-03-19 17:28:37,351-基准页面-INFO-初始化init方法，启动浏览器
2019-03-19 17:28:37,351-浏览器操作-INFO-读取浏览器配置文件
2019-03-19 17:28:37,351-浏览器操作-INFO-正在判断浏览器类型
2019-03-19 17:28:43,064-浏览器操作-INFO-当前浏览器是：FireFox
2019-03-19 17:28:43,064-浏览器操作-INFO-打开测试地址:http://www.baidu.com
2019-03-19 17:28:48,680-基准页面-INFO-执行重写的send_keys方法
2019-03-19 17:28:48,680-基准页面-INFO-执行重写的find_element方法
2019-03-19 17:28:48,680-基准页面-INFO-找不到目标元素
2019-03-19 17:28:48,680-基准页面-INFO-无法输入keyword
2019-03-19 17:28:48,680-基准页面-INFO-执行重写的click方法
2019-03-19 17:28:48,680-基准页面-INFO-执行重写的find_element方法
2019-03-19 17:28:48,680-基准页面-INFO-找不到目标元素
2019-03-19 17:28:48,680-基准页面-INFO-点击按钮找不到
2019-03-19 17:28:48,680-基准页面-INFO-初始化init方法，启动浏览器
2019-03-19 17:28:48,680-基准页面-INFO-初始化init方法，启动浏览器
2019-03-19 17:28:48,680-浏览器操作-INFO-读取浏览器配置文件
2019-03-19 17:28:48,680-浏览器操作-INFO-读取浏览器配置文件
2019-03-19 17:28:48,680-浏览器操作-INFO-正在判断浏览器类型
2019-03-19 17:28:48,680-浏览器操作-INFO-正在判断浏览器类型
2019-03-19 17:28:54,144-浏览器操作-INFO-当前浏览器是：FireFox
2019-03-19 17:28:54,144-浏览器操作-INFO-当前浏览器是：FireFox
2019-03-19 17:28:54,144-浏览器操作-INFO-打开测试地址:http:10.18.20.17:8081/ecshop/index.php
2019-03-19 17:28:54,144-浏览器操作-INFO-打开测试地址:http:10.18.20.17:8081/ecshop/index.php
2019-03-19 17:33:40,748-基准页面-INFO-初始化init方法，启动浏览器
2019-03-19 17:33:40,748-浏览器操作-INFO-读取浏览器配置文件
2019-03-19 17:33:40,763-浏览器操作-INFO-正在判断浏览器类型
2019-03-19 17:33:46,946-浏览器操作-INFO-当前浏览器是：FireFox
2019-03-19 17:33:46,946-浏览器操作-INFO-打开测试地址:http:10.18.20.17:8081/ecshop/index.php
2019-03-19 17:35:51,470-基准页面-INFO-初始化init方法，启动浏览器
2019-03-19 17:35:51,470-浏览器操作-INFO-读取浏览器配置文件
2019-03-19 17:35:51,470-浏览器操作-INFO-正在判断浏览器类型
2019-03-19 17:35:57,028-浏览器操作-INFO-当前浏览器是：FireFox
2019-03-19 17:35:57,028-浏览器操作-INFO-打开测试地址:http:10.18.20.17:8081/ecshop/index.php
2019-03-19 17:36:59,151-基准页面-INFO-初始化init方法，启动浏览器
2019-03-19 17:36:59,151-浏览器操作-INFO-读取浏览器配置文件
2019-03-19 17:36:59,151-浏览器操作-INFO-正在判断浏览器类型
2019-03-19 17:37:04,646-浏览器操作-INFO-当前浏览器是：FireFox
2019-03-19 17:37:04,646-浏览器操作-INFO-打开测试地址:http:10.18.20.17:8081/ecshop/index.php
2019-03-19 17:41:09,239-基准页面-INFO-初始化init方法，启动浏览器
2019-03-19 17:41:09,239-浏览器操作-INFO-读取浏览器配置文件
2019-03-19 17:41:09,254-浏览器操作-INFO-正在判断浏览器类型
2019-03-19 17:41:14,734-浏览器操作-INFO-当前浏览器是：FireFox
2019-03-19 17:41:14,734-浏览器操作-INFO-打开测试地址:http:10.18.20.17:8081/ecshop/index.php
2019-03-19 17:47:37,856-基准页面-INFO-初始化init方法，启动浏览器
2019-03-19 17:47:37,856-浏览器操作-INFO-读取浏览器配置文件
2019-03-19 17:47:37,856-浏览器操作-INFO-正在判断浏览器类型
2019-03-19 17:47:43,258-浏览器操作-INFO-当前浏览器是：FireFox
2019-03-19 17:47:43,258-浏览器操作-INFO-打开测试地址:http:10.18.20.17:8081/ecshop/index.php
